<?xml version="1.0" encoding="UTF-8"?>
<testsuite xmlns:xsi="http://www.w3.org/2001/XMLSchema-instance" xsi:noNamespaceSchemaLocation="https://maven.apache.org/surefire/maven-surefire-plugin/xsd/surefire-test-report.xsd" version="3.0.2" name="com.example.MediFlow.MediFlowApplicationTests" time="7.423" tests="1" errors="0" skipped="0" failures="0" flakes="0">
  <properties>
[...]
</properties>
  <testcase name="contextLoads" classname="com.example.MediFlow.MediFlowApplicationTests" time="0.694">
    <system-out><![CDATA[14:23:35.676 [main] INFO org.springframework.test.context.support.AnnotationConfigContextLoaderUtils -- Could not detect default configuration classes for test class [com.example.MediFlow.MediFlowApplicationTests]: MediFlowApplicationTests does not declare any static, non-private, non-final, nested classes annotated with @Configuration.
14:23:35.828 [main] INFO org.springframework.boot.test.context.SpringBootTestContextBootstrapper -- Found @SpringBootConfiguration com.example.MediFlow.MediFlowApplication for test class com.example.MediFlow.MediFlowApplicationTests
14:23:35.943 [main] INFO org.springframework.test.context.support.AnnotationConfigContextLoaderUtils -- Could not detect default configuration classes for test class [com.example.MediFlow.MediFlowApplicationTests]: MediFlowApplicationTests does not declare any static, non-private, non-final, nested classes annotated with @Configuration.
14:23:35.944 [main] INFO org.springframework.boot.test.context.SpringBootTestContextBootstrapper -- Found @SpringBootConfiguration com.example.MediFlow.MediFlowApplication for test class com.example.MediFlow.MediFlowApplicationTests
14:23:36.052 [main] INFO org.springframework.boot.devtools.restart.RestartApplicationListener -- Restart disabled due to context in which it is running

  .   ____          _            __ _ _
 /\\ / ___'_ __ _ _(_)_ __  __ _ \ \ \ \
( ( )\___ | '_ | '_| | '_ \/ _` | \ \ \ \
 \\/  ___)| |_)| | | | | || (_| |  ) ) ) )
  '  |____| .__|_| |_|_| |_\__, | / / / /
 =========|_|==============|___/=/_/_/_/

 :: Spring Boot ::                (v4.0.5)

2026-04-24T14:23:36.337-04:00  INFO 10088 --- [MediFlow] [           main] c.e.MediFlow.MediFlowApplicationTests    : Starting MediFlowApplicationTests using Java 25.0.2 with PID 10088 (started by Seba in C:\Users\Seba\Desktop\MediFlow)
2026-04-24T14:23:36.339-04:00  INFO 10088 --- [MediFlow] [           main] c.e.MediFlow.MediFlowApplicationTests    : No active profile set, falling back to 1 default profile: "default"
2026-04-24T14:23:37.480-04:00  INFO 10088 --- [MediFlow] [           main] .s.d.r.c.RepositoryConfigurationDelegate : Bootstrapping Spring Data JPA repositories in DEFAULT mode.
2026-04-24T14:23:37.573-04:00  INFO 10088 --- [MediFlow] [           main] .s.d.r.c.RepositoryConfigurationDelegate : Finished Spring Data repository scanning in 81 ms. Found 13 JPA repository interfaces.
2026-04-24T14:23:38.039-04:00  INFO 10088 --- [MediFlow] [           main] org.hibernate.orm.jpa                    : HHH008540: Processing PersistenceUnitInfo [name: default]
2026-04-24T14:23:38.116-04:00  INFO 10088 --- [MediFlow] [           main] org.hibernate.orm.core                   : HHH000001: Hibernate ORM core version 7.2.7.Final
2026-04-24T14:23:38.726-04:00  INFO 10088 --- [MediFlow] [           main] o.s.o.j.p.SpringPersistenceUnitInfo      : No LoadTimeWeaver setup: ignoring JPA class transformer
2026-04-24T14:23:38.765-04:00  INFO 10088 --- [MediFlow] [           main] com.zaxxer.hikari.HikariDataSource       : HikariPool-1 - Starting...
2026-04-24T14:23:39.103-04:00  INFO 10088 --- [MediFlow] [           main] com.zaxxer.hikari.pool.HikariPool        : HikariPool-1 - Added connection com.mysql.cj.jdbc.ConnectionImpl@51d9fd30
2026-04-24T14:23:39.105-04:00  INFO 10088 --- [MediFlow] [           main] com.zaxxer.hikari.HikariDataSource       : HikariPool-1 - Start completed.
2026-04-24T14:23:39.152-04:00  WARN 10088 --- [MediFlow] [           main] org.hibernate.orm.core                   : HHH000511: The 5.5.5 version for [org.hibernate.dialect.MySQLDialect] is no longer supported, hence certain features may not work properly.The minimum supported version is 8.0.0. Check the community dialects project for available legacy versions.
2026-04-24T14:23:39.159-04:00  WARN 10088 --- [MediFlow] [           main] org.hibernate.orm.deprecation            : HHH90000025: MySQLDialect does not need to be specified explicitly using 'hibernate.dialect' (remove the property setting and it will be selected by default)
2026-04-24T14:23:39.184-04:00  INFO 10088 --- [MediFlow] [           main] org.hibernate.orm.connections.pooling    : HHH10001005: Database info:
	Database JDBC URL [jdbc:mysql://localhost:3306/spring_db?useSSL=false&serverTimezone=UTC]
	Database driver: MySQL Connector/J
	Database dialect: MySQLDialect
	Database version: 5.5.5
	Default catalog/schema: spring_db/undefined
	Autocommit mode: undefined/unknown
	Isolation level: REPEATABLE_READ [default REPEATABLE_READ]
	JDBC fetch size: none
	Pool: DataSourceConnectionProvider
	Minimum pool size: undefined/unknown
	Maximum pool size: undefined/unknown
2026-04-24T14:23:40.627-04:00  INFO 10088 --- [MediFlow] [           main] org.hibernate.orm.core                   : HHH000489: No JTA platform available (set 'hibernate.transaction.jta.platform' to enable JTA platform integration)
Hibernate: alter table usuarios modify column rol enum ('ADMIN','PACIENTE','PROFESIONAL') not null
2026-04-24T14:23:40.842-04:00  INFO 10088 --- [MediFlow] [           main] j.LocalContainerEntityManagerFactoryBean : Initialized JPA EntityManagerFactory for persistence unit 'default'
2026-04-24T14:23:40.935-04:00  INFO 10088 --- [MediFlow] [           main] o.s.d.j.r.query.QueryEnhancerFactories   : Hibernate is in classpath; If applicable, HQL parser will be used.
2026-04-24T14:23:41.466-04:00  WARN 10088 --- [MediFlow] [           main] JpaBaseConfiguration$JpaWebConfiguration : spring.jpa.open-in-view is enabled by default. Therefore, database queries may be performed during view rendering. Explicitly configure spring.jpa.open-in-view to disable this warning
2026-04-24T14:23:42.115-04:00  INFO 10088 --- [MediFlow] [           main] c.e.MediFlow.MediFlowApplicationTests    : Started MediFlowApplicationTests in 6.079 seconds (process running for 7.404)
]]></system-out>
    <system-err><![CDATA[Mockito is currently self-attaching to enable the inline-mock-maker. This will no longer work in future releases of the JDK. Please add Mockito as an agent to your build as described in Mockito's documentation: https://javadoc.io/doc/org.mockito/mockito-core/latest/org.mockito/org/mockito/Mockito.html#0.3
WARNING: A Java agent has been loaded dynamically (C:\Users\Seba\.m2\repository\net\bytebuddy\byte-buddy-agent\1.17.8\byte-buddy-agent-1.17.8.jar)
WARNING: If a serviceability tool is in use, please run with -XX:+EnableDynamicAgentLoading to hide this warning
WARNING: If a serviceability tool is not in use, please run with -Djdk.instrument.traceUsage for more information
WARNING: Dynamic loading of agents will be disallowed by default in a future release
]]></system-err>
  </testcase>
</testsuite>